[2026-03-16T04:43:20.135Z] INFO: Starting continuous agent orchestration
[2026-03-16T04:43:20.137Z] INFO: === Starting Daily Agent Cycle ===
[2026-03-16T04:43:20.138Z] INFO: Loaded 5 goals
[2026-03-16T04:43:20.138Z] INFO: Generated 20 tasks for today
[2026-03-16T04:43:20.139Z] INFO: Created work plan: 20h across 3 agents
[2026-03-16T04:43:20.139Z] INFO: Starting task: Research existing solutions (Content Writer)
[2026-03-16T04:43:20.139Z] INFO: Starting task: Analyze requirements (Nano)
[2026-03-16T04:43:20.139Z] INFO: Starting task: Design architecture (Nano)
[2026-03-16T04:43:21.143Z] INFO: Saved deliverable: /Users/daytrons/.openclaw/workspace/mission-control-repo/deliverables/goal-1/task-1773636200138-1-sub-0-research-existing-solutions.md
[2026-03-16T04:43:21.143Z] INFO: Completed task: Research existing solutions
[2026-03-16T04:43:21.144Z] INFO: Saved deliverable: /Users/daytrons/.openclaw/workspace/mission-control-repo/deliverables/goal-1/task-1773636200138-1-sub-1-analyze-requirements.md
[2026-03-16T04:43:21.144Z] INFO: Completed task: Analyze requirements
[2026-03-16T04:43:21.145Z] INFO: Saved deliverable: /Users/daytrons/.openclaw/workspace/mission-control-repo/deliverables/goal-2/task-1773636200138-3-sub-0-design-architecture.md
[2026-03-16T04:43:21.145Z] INFO: Completed task: Design architecture
[2026-03-16T04:43:21.178Z] INFO: Dashboard data updated
[2026-03-16T04:43:21.178Z] INFO: === Daily Cycle Complete ===
[2026-03-16T04:43:21.178Z] INFO: Completed 3/20 tasks
[2026-03-16T04:43:21.179Z] INFO: Next cycle scheduled for 2026-03-16T16:00:00.000Z
[2026-03-16T04:53:09.336Z] ERROR: MLX query failed (using mock) - request to http://127.0.0.1:18888/v1/chat/completions failed, reason: socket hang up
[2026-03-16T04:53:09.360Z] ERROR: MLX query failed (using mock) - request to http://127.0.0.1:18888/v1/chat/completions failed, reason: connect ECONNREFUSED 127.0.0.1:18888
[2026-03-16T04:53:09.364Z] ERROR: MLX query failed (using mock) - request to http://127.0.0.1:18888/v1/chat/completions failed, reason: connect ECONNREFUSED 127.0.0.1:18888
[2026-03-16T04:53:09.368Z] ERROR: MLX query failed (using mock) - request to http://127.0.0.1:18888/v1/chat/completions failed, reason: connect ECONNREFUSED 127.0.0.1:18888
[2026-03-16T04:53:09.368Z] ERROR: MLX query failed (using mock) - request to http://127.0.0.1:18888/v1/chat/completions failed, reason: connect ECONNREFUSED 127.0.0.1:18888
[2026-03-16T06:55:09.193Z] INFO: Starting continuous agent orchestration
[2026-03-16T06:55:09.195Z] INFO: === Starting Daily Agent Cycle ===
[2026-03-16T06:55:09.196Z] INFO: Loaded 5 goals
[2026-03-16T06:55:52.223Z] INFO: Generated 6 tasks for today
[2026-03-16T06:55:52.225Z] INFO: Created work plan: 6h across 2 agents
[2026-03-16T06:55:52.225Z] INFO: Starting task: Define Target Audience (Nano)
[2026-03-16T06:55:52.226Z] INFO: Starting task: Develop Core Curriculum (Nano)
[2026-03-16T06:55:52.227Z] INFO: Starting task: Define Trading Strategy (Nano)
[2026-03-16T06:57:35.090Z] INFO: Saved deliverable: /Users/daytrons/.openclaw/workspace/mission-control-repo/deliverables/goal-1/task-1773644109196-0-sub-1-develop-core-curriculum.md
[2026-03-16T06:57:35.091Z] INFO: Completed task: Develop Core Curriculum
[2026-03-16T06:57:47.700Z] INFO: Saved deliverable: /Users/daytrons/.openclaw/workspace/mission-control-repo/deliverables/goal-2/task-1773644109196-0-sub-0-define-trading-strategy.md
[2026-03-16T06:57:47.701Z] INFO: Completed task: Define Trading Strategy
[2026-03-16T06:57:52.230Z] ERROR: MLX execution failed (using simulation) - timeout
[2026-03-16T06:57:52.232Z] INFO: Saved deliverable: /Users/daytrons/.openclaw/workspace/mission-control-repo/deliverables/goal-1/task-1773644109196-0-sub-0-define-target-audience.md
[2026-03-16T06:57:52.232Z] INFO: Completed task: Define Target Audience
[2026-03-16T06:57:52.266Z] INFO: Dashboard data updated
[2026-03-16T06:57:52.267Z] INFO: === Daily Cycle Complete ===
[2026-03-16T06:57:52.267Z] INFO: Completed 3/6 tasks
[2026-03-16T06:57:52.267Z] INFO: Next cycle scheduled for 2026-03-16T16:00:00.000Z
[2026-03-16T16:00:00.377Z] INFO: === Starting Daily Agent Cycle ===
[2026-03-16T16:00:00.504Z] INFO: Loaded 5 goals
[2026-03-16T16:00:00.392Z] INFO: === Starting Daily Agent Cycle ===
[2026-03-16T16:00:00.526Z] INFO: Generated 20 tasks for today
[2026-03-16T16:00:00.535Z] INFO: Created work plan: 20h across 3 agents
[2026-03-16T16:00:00.549Z] INFO: Loaded 5 goals
[2026-03-16T16:00:00.535Z] INFO: Starting task: Research existing solutions (Content Writer)
[2026-03-16T16:00:03.541Z] INFO: Starting task: Analyze requirements (Nano)
[2026-03-16T16:00:03.541Z] INFO: Starting task: Design architecture (Nano)
[2026-03-16T16:00:04.543Z] INFO: Saved deliverable: /Users/daytrons/.openclaw/workspace/mission-control-repo/deliverables/goal-1/task-1773676800504-1-sub-0-research-existing-solutions.md
[2026-03-16T16:00:04.544Z] INFO: Completed task: Research existing solutions
[2026-03-16T16:00:04.545Z] INFO: Saved deliverable: /Users/daytrons/.openclaw/workspace/mission-control-repo/deliverables/goal-1/task-1773676800504-1-sub-1-analyze-requirements.md
[2026-03-16T16:00:04.545Z] INFO: Completed task: Analyze requirements
[2026-03-16T16:00:04.547Z] INFO: Saved deliverable: /Users/daytrons/.openclaw/workspace/mission-control-repo/deliverables/goal-2/task-1773676800504-3-sub-0-design-architecture.md
[2026-03-16T16:00:04.547Z] INFO: Completed task: Design architecture
[2026-03-16T16:00:04.564Z] INFO: Dashboard data updated
[2026-03-16T16:00:04.564Z] INFO: === Daily Cycle Complete ===
[2026-03-16T16:00:04.564Z] INFO: Completed 3/20 tasks
[2026-03-16T16:00:04.564Z] INFO: Next cycle scheduled for 2026-03-17T16:00:00.000Z
[2026-03-16T16:01:02.646Z] INFO: Generated 6 tasks for today
[2026-03-16T16:01:02.654Z] INFO: Created work plan: 6h across 1 agents
[2026-03-16T16:01:02.654Z] INFO: Starting task: Design architecture (Nano)
[2026-03-16T16:01:02.662Z] INFO: Starting task: Implement core features (Nano)
[2026-03-16T16:01:02.665Z] INFO: Starting task: Design architecture (Nano)
[2026-03-16T16:03:02.676Z] ERROR: MLX execution failed (using simulation) - timeout
[2026-03-16T16:03:02.694Z] INFO: Saved deliverable: /Users/daytrons/.openclaw/workspace/mission-control-repo/deliverables/goal-1/task-1773676800552-0-sub-0-design-architecture.md
[2026-03-16T16:03:02.694Z] INFO: Completed task: Design architecture
[2026-03-16T16:03:02.696Z] ERROR: MLX execution failed (using simulation) - timeout
[2026-03-16T16:03:02.696Z] INFO: Saved deliverable: /Users/daytrons/.openclaw/workspace/mission-control-repo/deliverables/goal-1/task-1773676800552-0-sub-1-implement-core-features.md
[2026-03-16T16:03:02.696Z] INFO: Completed task: Implement core features
[2026-03-16T16:03:02.696Z] ERROR: MLX execution failed (using simulation) - timeout
[2026-03-16T16:03:02.696Z] INFO: Saved deliverable: /Users/daytrons/.openclaw/workspace/mission-control-repo/deliverables/goal-2/task-1773676800552-0-sub-0-design-architecture.md
[2026-03-16T16:03:02.697Z] INFO: Completed task: Design architecture
[2026-03-16T16:03:02.705Z] INFO: Dashboard data updated
[2026-03-16T16:03:02.705Z] INFO: === Daily Cycle Complete ===
[2026-03-16T16:03:02.737Z] INFO: Completed 3/6 tasks
[2026-03-16T16:03:02.738Z] INFO: Next cycle scheduled for 2026-03-17T16:00:00.000Z
[2026-03-17T03:29:59.903Z] INFO: Starting continuous agent orchestration
[2026-03-17T03:29:59.927Z] INFO: === Starting Daily Agent Cycle ===
[2026-03-17T03:29:59.932Z] INFO: Loaded 5 goals
[2026-03-17T03:31:30.648Z] INFO: Generated 6 tasks for today
[2026-03-17T03:31:30.663Z] INFO: Created work plan: 6h across 2 agents
[2026-03-17T03:31:30.663Z] INFO: Starting task: Design architecture (Content Writer)
[2026-03-17T03:31:30.838Z] INFO: Starting task: Implement core features (Content Writer)
[2026-03-17T03:31:30.838Z] INFO: Starting task: Design architecture (Trading Analyst)
[2026-03-17T03:31:31.127Z] INFO: Discord notification sent: Job started - Design architecture
[2026-03-17T03:31:31.248Z] INFO: Discord notification sent: Job started - Design architecture
[2026-03-17T03:31:31.279Z] INFO: Discord notification sent: Job started - Implement core features
[2026-03-17T03:33:31.514Z] ERROR: MLX execution failed (using simulation) - timeout
[2026-03-17T03:33:31.759Z] INFO: Saved deliverable: /Users/daytrons/.openclaw/workspace/mission-control-repo/deliverables/goal-1/task-1773718199932-0-sub-0-design-architecture.md
[2026-03-17T03:33:31.890Z] ERROR: MLX execution failed (using simulation) - timeout
[2026-03-17T03:33:31.891Z] INFO: Saved deliverable: /Users/daytrons/.openclaw/workspace/mission-control-repo/deliverables/goal-2/task-1773718199932-0-sub-0-design-architecture.md
[2026-03-17T03:33:31.896Z] ERROR: MLX execution failed (using simulation) - timeout
[2026-03-17T03:33:31.896Z] INFO: Saved deliverable: /Users/daytrons/.openclaw/workspace/mission-control-repo/deliverables/goal-1/task-1773718199932-0-sub-1-implement-core-features.md
[2026-03-17T03:33:32.114Z] INFO: Discord notification sent: Job completed - Design architecture
[2026-03-17T03:33:32.114Z] INFO: Completed task: Design architecture
[2026-03-17T03:33:32.149Z] INFO: Discord notification sent: Job completed - Design architecture
[2026-03-17T03:33:32.149Z] INFO: Completed task: Design architecture
[2026-03-17T03:33:32.208Z] INFO: Discord notification sent: Job completed - Implement core features
[2026-03-17T03:33:32.208Z] INFO: Completed task: Implement core features
[2026-03-17T03:33:32.302Z] INFO: Dashboard data updated
[2026-03-17T03:33:32.302Z] INFO: === Daily Cycle Complete ===
[2026-03-17T03:33:32.302Z] INFO: Completed 3/6 tasks
[2026-03-17T03:33:32.302Z] INFO: Next cycle scheduled for 2026-03-17T16:00:00.000Z
[2026-03-17T03:41:26.481Z] INFO: Starting continuous agent orchestration
[2026-03-17T03:41:26.485Z] INFO: === Starting Daily Agent Cycle ===
[2026-03-17T03:41:26.486Z] INFO: Loaded 5 goals
[2026-03-17T03:42:56.577Z] INFO: Generated 6 tasks for today
[2026-03-17T03:42:56.588Z] INFO: Created work plan: 6h across 2 agents
[2026-03-17T03:42:56.589Z] INFO: Starting task: Design architecture (Content Writer)
[2026-03-17T03:42:56.639Z] INFO: Starting task: Implement core features (Content Writer)
[2026-03-17T03:42:56.639Z] INFO: Starting task: Design architecture (Trading Analyst)
[2026-03-17T03:42:56.894Z] INFO: Discord notification sent: Job started - Implement core features
[2026-03-17T03:42:56.894Z] INFO: Discord notification sent: Job started - Design architecture
[2026-03-17T03:42:56.909Z] INFO: Discord notification sent: Job started - Design architecture
[2026-03-17T03:44:53.659Z] INFO: Saved deliverable: /Users/daytrons/.openclaw/workspace/mission-control-repo/deliverables/goal-2/task-1773718886486-0-sub-0-design-architecture.md
[2026-03-17T03:44:53.871Z] INFO: Discord notification sent: Job completed - Design architecture
[2026-03-17T03:44:53.872Z] INFO: Completed task: Design architecture
[2026-03-17T03:45:33.578Z] INFO: Saved deliverable: /Users/daytrons/.openclaw/workspace/mission-control-repo/deliverables/goal-1/task-1773718886486-0-sub-1-implement-core-features.md
[2026-03-17T03:45:33.776Z] INFO: Discord notification sent: Job completed - Implement core features
[2026-03-17T03:45:33.776Z] INFO: Completed task: Implement core features
[2026-03-17T03:45:48.827Z] INFO: Saved deliverable: /Users/daytrons/.openclaw/workspace/mission-control-repo/deliverables/goal-1/task-1773718886486-0-sub-0-design-architecture.md
[2026-03-17T03:45:49.052Z] INFO: Discord notification sent: Job completed - Design architecture
[2026-03-17T03:45:49.052Z] INFO: Completed task: Design architecture
[2026-03-17T03:45:49.089Z] INFO: Dashboard data updated
[2026-03-17T03:45:49.089Z] INFO: === Daily Cycle Complete ===
[2026-03-17T03:45:49.089Z] INFO: Completed 3/6 tasks
[2026-03-17T03:45:49.089Z] INFO: Next cycle scheduled for 2026-03-17T16:00:00.000Z
[2026-03-17T04:41:19.797Z] INFO: === Starting Daily Agent Cycle ===
[2026-03-17T04:41:19.803Z] INFO: Loaded 5 goals
[2026-03-17T04:42:49.875Z] INFO: Generated 6 tasks for today
[2026-03-17T04:42:49.877Z] INFO: Created work plan: 6h across 2 agents
[2026-03-17T04:42:49.877Z] INFO: Starting task: Design architecture (Content Writer)
[2026-03-17T04:42:49.904Z] INFO: Starting task: Implement core features (Content Writer)
[2026-03-17T04:42:49.905Z] INFO: Starting task: Design architecture (Trading Analyst)
[2026-03-17T04:42:50.163Z] INFO: Discord notification sent: Job started - Implement core features
[2026-03-17T04:42:50.164Z] INFO: Discord notification sent: Job started - Design architecture
[2026-03-17T04:42:50.165Z] INFO: Discord notification sent: Job started - Design architecture
[2026-03-17T04:45:40.538Z] INFO: Saved deliverable: /Users/daytrons/.openclaw/workspace/mission-control-repo/deliverables/goal-1/task-1773722479803-0-sub-0-design-architecture.md
[2026-03-17T04:45:41.186Z] INFO: Discord notification sent: Job completed - Design architecture
[2026-03-17T04:45:41.188Z] INFO: Completed task: Design architecture
[2026-03-17T04:45:43.037Z] INFO: Saved deliverable: /Users/daytrons/.openclaw/workspace/mission-control-repo/deliverables/goal-1/task-1773722479803-0-sub-1-implement-core-features.md
[2026-03-17T04:45:43.375Z] INFO: Discord notification sent: Job completed - Implement core features
[2026-03-17T04:45:43.376Z] INFO: Completed task: Implement core features
[2026-03-17T04:47:30.828Z] INFO: Saved deliverable: /Users/daytrons/.openclaw/workspace/mission-control-repo/deliverables/goal-2/task-1773722479803-0-sub-0-design-architecture.md
[2026-03-17T04:47:31.157Z] INFO: Discord notification sent: Job completed - Design architecture
[2026-03-17T04:47:31.158Z] INFO: Completed task: Design architecture
[2026-03-17T04:47:35.612Z] INFO: Dashboard data updated
[2026-03-17T04:47:35.621Z] INFO: === Daily Cycle Complete ===
[2026-03-17T04:47:35.621Z] INFO: Completed 3/6 tasks
