[2026-03-17T03:41:26.481Z] INFO: Starting continuous agent orchestration
[2026-03-17T03:41:26.485Z] INFO: === Starting Daily Agent Cycle ===
[2026-03-17T03:41:26.486Z] INFO: Loaded 5 goals
[MLX Query] Sending request...
[MLX Query] Sending request...
[MLX Query] Sending request...
[2026-03-17T03:42:56.577Z] INFO: Generated 6 tasks for today
[2026-03-17T03:42:56.588Z] INFO: Created work plan: 6h across 2 agents
[2026-03-17T03:42:56.589Z] INFO: Starting task: Design architecture (Content Writer)
[2026-03-17T03:42:56.639Z] INFO: Starting task: Implement core features (Content Writer)
[2026-03-17T03:42:56.639Z] INFO: Starting task: Design architecture (Trading Analyst)
[2026-03-17T03:42:56.894Z] INFO: Discord notification sent: Job started - Implement core features
[Execute] Content Writer working on task via MLX...
[2026-03-17T03:42:56.894Z] INFO: Discord notification sent: Job started - Design architecture
[Execute] Content Writer working on task via MLX...
[2026-03-17T03:42:56.909Z] INFO: Discord notification sent: Job started - Design architecture
[Execute] Trading Analyst working on task via MLX...
[2026-03-17T03:44:53.659Z] INFO: Saved deliverable: /Users/daytrons/.openclaw/workspace/mission-control-repo/deliverables/goal-2/task-1773718886486-0-sub-0-design-architecture.md
[2026-03-17T03:44:53.871Z] INFO: Discord notification sent: Job completed - Design architecture
[2026-03-17T03:44:53.872Z] INFO: Completed task: Design architecture
[2026-03-17T03:45:33.578Z] INFO: Saved deliverable: /Users/daytrons/.openclaw/workspace/mission-control-repo/deliverables/goal-1/task-1773718886486-0-sub-1-implement-core-features.md
[2026-03-17T03:45:33.776Z] INFO: Discord notification sent: Job completed - Implement core features
[2026-03-17T03:45:33.776Z] INFO: Completed task: Implement core features
[2026-03-17T03:45:48.827Z] INFO: Saved deliverable: /Users/daytrons/.openclaw/workspace/mission-control-repo/deliverables/goal-1/task-1773718886486-0-sub-0-design-architecture.md
[2026-03-17T03:45:49.052Z] INFO: Discord notification sent: Job completed - Design architecture
[2026-03-17T03:45:49.052Z] INFO: Completed task: Design architecture
[2026-03-17T03:45:49.089Z] INFO: Dashboard data updated
[2026-03-17T03:45:49.089Z] INFO: === Daily Cycle Complete ===
[2026-03-17T03:45:49.089Z] INFO: Completed 3/6 tasks
[2026-03-17T03:45:49.089Z] INFO: Next cycle scheduled for 2026-03-17T16:00:00.000Z
