
[Router] Request: Hello...
[Router] Coding: False, Complex: False
[Router] Using 14b
  MLX 14b error: Server disconnected
[Router] All failed

[Router] Request: Hi there...
[Router] Coding: False, Complex: False
[Router] Using 14b

[Router] Request: Design a microservices architecture for an e-comme...
[Router] Coding: True, Complex: True
[Router] Coding task -> Kimi Code
  Kimi Code error: 
[Router] Complex task -> Switching to 24B
  [Switch] Switching from 14b to 24b...
  [Switch] ✓ Now using 24b
  MLX 24b error: Server disconnected
[Router] 24B failed, falling back to 14B
  [Switch] Cooling down, keeping 24b
[Router] Using 24b
  MLX 14b error: Cannot connect to host 127.0.0.1:18888 ssl:default [Connect call failed ('127.0.0.1', 18888)]
[Router] All failed

[Router] Request: Hi...
[Router] Coding: False, Complex: False
[Router] Using 14b
🧠 Smart Router with Model Switching on port 11435
  Strategy:
    • Simple tasks -> MLX 14B (fast)
    • Complex tasks -> MLX 24B (powerful)
    • Coding tasks -> Kimi Code (file editing)
  Auto-switches based on task complexity

