[2026-03-02 20:22:51] ============================================================
[2026-03-02 20:22:51] 🔬 Mission Control Health Check Starting
[2026-03-02 20:22:51] ============================================================
[2026-03-02 20:22:52] ✅ Gateway
[2026-03-02 20:22:52] 🔧 Auto-fixing: 5 jobs with errors, analyzing...
[2026-03-02 20:22:53]   Checking job: c8907fb1...
[2026-03-02 20:22:54]   Checking job: caba6e2d...
[2026-03-02 20:22:54]   Checking job: 2e3342e9...
[2026-03-02 20:22:55]   Checking job: 7dec3057...
[2026-03-02 20:22:55]   Checking job: 7883be24...
[2026-03-02 20:22:56] ❌ Cron Jobs
[2026-03-02 20:22:56] ✅ Disk Space
[2026-03-02 20:22:56] ✅ Memory
[2026-03-02 20:22:56] 🔧 Auto-fixing: Uncommitted changes detected, auto-committing...
[2026-03-02 20:22:56] ✅ Git Status
[2026-03-02 20:22:57] ❌ Discord
[2026-03-02 20:22:59] 🔧 Auto-fixing: Enabling iMessage...
[2026-03-03 02:23:34] ============================================================
[2026-03-03 02:23:34] 🔬 Mission Control Health Check Starting
[2026-03-03 02:23:34] ============================================================
[2026-03-03 02:23:35] ✅ Gateway
[2026-03-03 02:23:36] 🔧 Auto-fixing: 5 jobs with errors, analyzing...
[2026-03-03 02:23:36]   Checking job: c8907fb1...
[2026-03-03 02:23:37]   Checking job: 31ba6e1f...
[2026-03-03 02:23:38]   Checking job: 2e3342e9...
[2026-03-03 02:23:38]   Checking job: 7dec3057...
[2026-03-03 02:23:39]   Checking job: 7883be24...
[2026-03-03 02:23:39] ❌ Cron Jobs
[2026-03-03 02:23:39] ✅ Disk Space
[2026-03-03 02:23:39] ✅ Memory
[2026-03-03 02:23:39] 🔧 Auto-fixing: Uncommitted changes detected, auto-committing...
[2026-03-03 02:23:39] ✅ Git Status
[2026-03-03 02:23:41] ❌ Discord
[2026-03-03 02:23:42] 🔧 Auto-fixing: Enabling iMessage...
[2026-03-03 02:23:52] ❌ iMessage
[2026-03-03 08:23:30] ============================================================
[2026-03-03 08:23:30] 🔬 Mission Control Health Check Starting
[2026-03-03 08:23:30] ============================================================
[2026-03-03 08:23:32] ✅ Gateway
[2026-03-03 08:23:33] 🔧 Auto-fixing: 9 jobs with errors, analyzing...
[2026-03-03 08:23:34]   Checking job: 7978149e...
[2026-03-03 08:23:34]   Checking job: c8907fb1...
[2026-03-03 08:23:35]   Checking job: f96ccf76...
[2026-03-03 08:23:36]   Checking job: 38573de5...
[2026-03-03 08:23:36]   Checking job: 31ba6e1f...
[2026-03-03 08:23:37]   Checking job: 2e3342e9...
[2026-03-03 08:23:37]   Checking job: 7dec3057...
[2026-03-03 08:23:38]   Checking job: 7883be24...
[2026-03-03 08:23:39]   Checking job: f29e86fe...
[2026-03-03 08:23:39] ❌ Cron Jobs
[2026-03-03 08:23:39] ✅ Disk Space
[2026-03-03 08:23:39] ✅ Memory
[2026-03-03 08:23:39] 🔧 Auto-fixing: Uncommitted changes detected, auto-committing...
[2026-03-03 08:23:39] ✅ Git Status
[2026-03-03 08:23:41] ❌ Discord
[2026-03-03 08:23:43] 🔧 Auto-fixing: Enabling iMessage...
[2026-03-03 08:23:47] ❌ iMessage
[2026-03-03 08:24:00] ============================================================
[2026-03-03 08:24:00] 🔬 Mission Control Health Check Starting
[2026-03-03 08:24:00] ============================================================
[2026-03-03 08:24:00] ✅ Gateway
[2026-03-03 08:24:01] 🔧 Auto-fixing: 8 jobs with errors, analyzing...
[2026-03-03 08:24:02]   Checking job: c8907fb1...
[2026-03-03 08:24:02]   Checking job: f96ccf76...
[2026-03-03 08:24:03]   Checking job: 38573de5...
[2026-03-03 08:24:04]   Checking job: 31ba6e1f...
[2026-03-03 08:24:04]   Checking job: 2e3342e9...
[2026-03-03 08:24:05]   Checking job: 7dec3057...
[2026-03-03 08:24:06]   Checking job: 7883be24...
[2026-03-03 08:24:06]   Checking job: f29e86fe...
[2026-03-03 08:24:07] ❌ Cron Jobs
[2026-03-03 08:24:07] ✅ Disk Space
[2026-03-03 08:24:07] ✅ Memory
[2026-03-03 08:24:07] 🔧 Auto-fixing: Uncommitted changes detected, auto-committing...
[2026-03-03 08:24:07] ✅ Git Status
[2026-03-03 08:24:08] ❌ Discord
[2026-03-03 08:24:10] 🔧 Auto-fixing: Enabling iMessage...
[2026-03-03 08:24:14] ❌ iMessage
[2026-03-03 20:23:32] ============================================================
[2026-03-03 20:23:32] 🔬 Mission Control Health Check Starting
[2026-03-03 20:23:32] ============================================================
[2026-03-03 20:23:34] ✅ Gateway
[2026-03-03 20:23:34] 🔧 Auto-fixing: 7 jobs with errors, analyzing...
[2026-03-03 20:23:35]   Checking job: 7978149e...
[2026-03-03 20:23:36]   Checking job: 7dec3057...
[2026-03-03 20:23:36]   Checking job: 38573de5...
[2026-03-03 20:23:37]   Checking job: 7883be24...
[2026-03-03 20:23:37]   Checking job: f96ccf76...
[2026-03-03 20:23:38]   Checking job: f29e86fe...
[2026-03-03 20:23:39]   Checking job: 69b3724d...
[2026-03-03 20:23:39] ❌ Cron Jobs
[2026-03-03 20:23:39] ✅ Disk Space
[2026-03-03 20:23:39] ✅ Memory
[2026-03-03 20:23:39] 🔧 Auto-fixing: Uncommitted changes detected, auto-committing...
[2026-03-03 20:23:39] ✅ Git Status
[2026-03-03 20:23:42] ❌ Discord
[2026-03-03 20:23:43] 🔧 Auto-fixing: Enabling iMessage...
[2026-03-03 20:23:47] ❌ iMessage
[2026-03-04 02:23:32] ============================================================
[2026-03-04 02:23:32] 🔬 Mission Control Health Check Starting
[2026-03-04 02:23:32] ============================================================
[2026-03-04 02:23:34] ✅ Gateway
[2026-03-04 02:23:35] 🔧 Auto-fixing: 7 jobs with errors, analyzing...
[2026-03-04 02:23:35]   Checking job: 31ba6e1f...
[2026-03-04 02:23:36]   Checking job: 7dec3057...
[2026-03-04 02:23:37]   Checking job: 38573de5...
[2026-03-04 02:23:37]   Checking job: 7883be24...
[2026-03-04 02:23:38]   Checking job: f96ccf76...
[2026-03-04 02:23:39]   Checking job: f29e86fe...
[2026-03-04 02:23:39]   Checking job: 69b3724d...
[2026-03-04 02:23:40] ❌ Cron Jobs
[2026-03-04 02:23:40] ✅ Disk Space
[2026-03-04 02:23:40] ✅ Memory
[2026-03-04 02:23:40] 🔧 Auto-fixing: Uncommitted changes detected, auto-committing...
[2026-03-04 02:23:40] ✅ Git Status
[2026-03-04 02:23:42] ❌ Discord
[2026-03-04 02:23:44] 🔧 Auto-fixing: Enabling iMessage...
[2026-03-04 02:23:48] ❌ iMessage
[2026-03-04 08:23:32] ============================================================
[2026-03-04 08:23:32] 🔬 Mission Control Health Check Starting
[2026-03-04 08:23:32] ============================================================
[2026-03-04 08:23:33] ✅ Gateway
[2026-03-04 08:23:33] ✅ Cron Jobs
[2026-03-04 08:23:33] ✅ Disk Space
[2026-03-04 08:23:33] ✅ Memory
[2026-03-04 08:23:33] 🔧 Auto-fixing: Uncommitted changes detected, auto-committing...
